<?xml version="1.0" encoding="UTF-8"?>
<testng-results skipped="0" failed="0" ignored="0" total="1" passed="1">
  <reporter-output>
  </reporter-output>
  <suite name="Test - Suite" duration-ms="12192" started-at="2018-08-02T14:30:01Z" finished-at="2018-08-02T14:30:13Z">
    <groups>
    </groups>
    <test name="All test" duration-ms="12192" started-at="2018-08-02T14:30:01Z" finished-at="2018-08-02T14:30:13Z">
      <class name="TestSoftvision.DemoQA.demoqacom.HomePageTest">
        <test-method status="PASS" signature="initialSetUP()[pri:0, instance:TestSoftvision.DemoQA.demoqacom.HomePageTest@14bf9759]" name="initialSetUP" is-config="true" duration-ms="3515" started-at="2018-08-02T14:30:01Z" finished-at="2018-08-02T14:30:04Z">
          <reporter-output>
          </reporter-output>
        </test-method> <!-- initialSetUP -->
        <test-method status="PASS" signature="homePageTest()[pri:0, instance:TestSoftvision.DemoQA.demoqacom.HomePageTest@14bf9759]" name="homePageTest" duration-ms="8615" started-at="2018-08-02T14:30:04Z" finished-at="2018-08-02T14:30:13Z">
          <reporter-output>
          </reporter-output>
        </test-method> <!-- homePageTest -->
        <test-method status="PASS" signature="tearDownTest()[pri:0, instance:TestSoftvision.DemoQA.demoqacom.HomePageTest@14bf9759]" name="tearDownTest" is-config="true" duration-ms="47" started-at="2018-08-02T14:30:13Z" finished-at="2018-08-02T14:30:13Z">
          <reporter-output>
          </reporter-output>
        </test-method> <!-- tearDownTest -->
      </class> <!-- TestSoftvision.DemoQA.demoqacom.HomePageTest -->
    </test> <!-- All test -->
  </suite> <!-- Test - Suite -->
</testng-results>
